[11:17:17] [main/INFO] (Launcher) ModLauncher running: args [--launchTarget, forgeclientuserdev, --version, MOD_DEV, --assetIndex, 1.20.1-5, --assetsDir, /Users/thrasoscharalambous/.gradle/caches/fabric-loom/assets, --gameDir, ., --fml.forgeVersion, 47.3.11, --fml.mcVersion, 1.20.1, --fml.forgeGroup, net.minecraftforge, --fml.mcpVersion, 20230612.114412, -mixin.config, vintage_animations.mixins.json, --mixin.config, vintage_animations.mixins.json]
[11:17:17] [main/INFO] (Launcher) ModLauncher 10.0.9+10.0.9+main.dcd20f30 starting: java version 21.0.4 by Eclipse Adoptium; OS Mac OS X arch aarch64 version 15.0.1
[11:17:17] [main/INFO] (ImmediateWindowHandler) Loading ImmediateWindowProvider fmlearlywindow
[11:17:18] [main/INFO] (EARLYDISPLAY) Trying GL version 4.6
[11:17:18] [main/INFO] (EARLYDISPLAY) Trying GL version 4.5
[11:17:18] [main/INFO] (EARLYDISPLAY) Trying GL version 4.4
[11:17:18] [main/INFO] (EARLYDISPLAY) Trying GL version 4.3
[11:17:18] [main/INFO] (EARLYDISPLAY) Trying GL version 4.2
[11:17:18] [main/INFO] (EARLYDISPLAY) Trying GL version 4.1
[11:17:18] [main/INFO] (EARLYDISPLAY) Requested GL version 4.1 got version 4.1
[11:17:18] [main/INFO] (mixin) SpongePowered MIXIN Subsystem Version=0.8.5 Source=union:/Users/thrasoscharalambous/.gradle/caches/modules-2/files-2.1/dev.architectury/mixin-patched/0.8.5.11/dd886ad7af30604cbd9aa0f1eb9fb95b079013ca/mixin-patched-0.8.5.11.jar%23121!/ Service=ModLauncher Env=CLIENT
[11:17:18] [main/WARN] (ModFileParser) Mod file /Users/thrasoscharalambous/.gradle/caches/modules-2/files-2.1/net.minecraftforge/javafmllanguage/1.20.1-47.3.11/427f703e065645e6ab0d183bfaee6253f474393d/javafmllanguage-1.20.1-47.3.11.jar is missing mods.toml file
[11:17:18] [main/WARN] (ModFileParser) Mod file /Users/thrasoscharalambous/.gradle/caches/modules-2/files-2.1/net.minecraftforge/lowcodelanguage/1.20.1-47.3.11/f59825d2e5d797a1bb3699876861d9f5cd616ad0/lowcodelanguage-1.20.1-47.3.11.jar is missing mods.toml file
[11:17:18] [main/WARN] (ModFileParser) Mod file /Users/thrasoscharalambous/.gradle/caches/modules-2/files-2.1/net.minecraftforge/mclanguage/1.20.1-47.3.11/6624469b892cf7349addc8c7272ba0f9c1628e3f/mclanguage-1.20.1-47.3.11.jar is missing mods.toml file
[11:17:18] [main/WARN] (ModFileParser) Mod file /Users/thrasoscharalambous/.gradle/caches/modules-2/files-2.1/net.minecraftforge/fmlcore/1.20.1-47.3.11/19742efc9b2d4063f19579d80f99579725e034eb/fmlcore-1.20.1-47.3.11.jar is missing mods.toml file
[11:17:18] [main/INFO] (ModDiscoverer) Found mod file javafmllanguage-1.20.1-47.3.11.jar of type LANGPROVIDER with provider net.minecraftforge.fml.loading.moddiscovery.MinecraftLocator@66ab562
[11:17:18] [main/INFO] (ModDiscoverer) Found mod file lowcodelanguage-1.20.1-47.3.11.jar of type LANGPROVIDER with provider net.minecraftforge.fml.loading.moddiscovery.MinecraftLocator@66ab562
[11:17:18] [main/INFO] (ModDiscoverer) Found mod file mclanguage-1.20.1-47.3.11.jar of type LANGPROVIDER with provider net.minecraftforge.fml.loading.moddiscovery.MinecraftLocator@66ab562
[11:17:18] [main/INFO] (ModDiscoverer) Found mod file fmlcore-1.20.1-47.3.11.jar of type LIBRARY with provider net.minecraftforge.fml.loading.moddiscovery.MinecraftLocator@66ab562
[11:17:18] [main/INFO] (ModDiscoverer) Found mod file forge-1.20.1-47.3.11-minecraft-merged-f0924a580a-1.20.1-loom.mappings.1_20_1.layered+hash.40545-v2-forge-1.20.1-47.3.11.jar of type MOD with provider net.minecraftforge.fml.loading.moddiscovery.MinecraftLocator@66ab562
[11:17:18] [main/INFO] (ModDiscoverer) Found mod file main of type MOD with provider net.minecraftforge.fml.loading.moddiscovery.MinecraftLocator@66ab562
[11:17:18] [main/INFO] (ModDiscoverer) Found mod file  of type MOD with provider net.minecraftforge.fml.loading.moddiscovery.MinecraftLocator@66ab562
[11:17:18] [pool-5-thread-1/INFO] (EARLYDISPLAY) GL info: Apple M3 Pro GL version 4.1 Metal - 89.3, Apple
[11:17:18] [main/INFO] (ModDiscoverer) Found mod file player-animation-lib-forge-1.0.2-rc1+1.20.jar of type MOD with provider net.minecraftforge.fml.loading.moddiscovery.ClasspathLocator@1d7d77b3
[11:17:18] [main/INFO] (ModDiscoverer) Found mod file cloth-config-forge-11.1.136.jar of type MOD with provider net.minecraftforge.fml.loading.moddiscovery.ClasspathLocator@1d7d77b3
[11:17:18] [main/INFO] (ModDiscoverer) Found mod file 2847171636385522272.jar of type MOD with provider net.minecraftforge.fml.loading.moddiscovery.ClasspathLocator@1d7d77b3
[11:17:18] [main/INFO] (ModDiscoverer) Found mod file player-animation-lib-forge-1.0.2-rc1+1.20.jar of type MOD with provider net.minecraftforge.fml.loading.moddiscovery.ClasspathLocator@1d7d77b3
[11:17:18] [main/INFO] (ModDiscoverer) Found mod file cloth-config-forge-11.1.136.jar of type MOD with provider net.minecraftforge.fml.loading.moddiscovery.ClasspathLocator@1d7d77b3
[11:17:18] [main/INFO] (ModDiscoverer) Found mod file 2847171636385522272.jar of type MOD with provider net.minecraftforge.fml.loading.moddiscovery.ClasspathLocator@1d7d77b3
[11:17:18] [main/INFO] (JarInJarDependencyLocator) No dependencies to load found. Skipping!
[11:17:18] [main/ERROR] (ModSorter) Missing or unsupported mandatory dependencies:
	Mod ID: 'player-animator', Requested by: 'vintage_animations', Expected range: '[1.0.2-rc1+1.20,)', Actual version: '[MISSING]'
