[11:15:19] [main/INFO] (FabricLoader/GameProvider) Loading Minecraft 1.20.1 with Fabric Loader 0.16.9
[11:15:19] [main/INFO] (FabricLoader) Loading 70 mods:
	- architectury 9.2.14
	- bettercombat 1.8.6+1.20.1
	- cloth-basic-math 0.6.1
	- cloth-config 11.1.136
	- fabric-api 0.92.2+1.20.1
	- fabric-api-base 0.4.31+1802ada577
	- fabric-api-lookup-api-v1 1.6.36+1802ada577
	- fabric-biome-api-v1 13.0.13+1802ada577
	- fabric-block-api-v1 1.0.11+1802ada577
	- fabric-block-view-api-v2 1.0.1+1802ada577
	- fabric-blockrenderlayer-v1 1.1.41+1802ada577
	- fabric-client-tags-api-v1 1.1.2+1802ada577
	- fabric-command-api-v1 1.2.34+f71b366f77
	- fabric-command-api-v2 2.2.13+1802ada577
	- fabric-commands-v0 0.2.51+df3654b377
	- fabric-containers-v0 0.1.64+df3654b377
	- fabric-content-registries-v0 4.0.11+1802ada577
	- fabric-convention-tags-v1 1.5.5+1802ada577
	- fabric-crash-report-info-v1 0.2.19+1802ada577
	- fabric-data-attachment-api-v1 1.0.0+de0fd6d177
	- fabric-data-generation-api-v1 12.3.4+1802ada577
	- fabric-dimensions-v1 2.1.54+1802ada577
	- fabric-entity-events-v1 1.6.0+1c78457f77
	- fabric-events-interaction-v0 0.6.2+1802ada577
	- fabric-events-lifecycle-v0 0.2.63+df3654b377
	- fabric-game-rule-api-v1 1.0.40+1802ada577
	- fabric-gametest-api-v1 1.2.13+1802ada577
	- fabric-item-api-v1 2.1.28+1802ada577
	- fabric-item-group-api-v1 4.0.12+1802ada577
	- fabric-key-binding-api-v1 1.0.37+1802ada577
	- fabric-keybindings-v0 0.2.35+df3654b377
	- fabric-lifecycle-events-v1 2.2.22+1802ada577
	- fabric-loot-api-v2 1.2.1+1802ada577
	- fabric-loot-tables-v1 1.1.45+9e7660c677
	- fabric-message-api-v1 5.1.9+1802ada577
	- fabric-mining-level-api-v1 2.1.50+1802ada577
	- fabric-model-loading-api-v1 1.0.3+1802ada577
	- fabric-models-v0 0.4.2+9386d8a777
	- fabric-networking-api-v1 1.3.11+1802ada577
	- fabric-networking-v0 0.3.51+df3654b377
	- fabric-object-builder-api-v1 11.1.3+1802ada577
	- fabric-particles-v1 1.1.2+1802ada577
	- fabric-recipe-api-v1 1.0.21+1802ada577
	- fabric-registry-sync-v0 2.3.3+1802ada577
	- fabric-renderer-api-v1 3.2.1+1802ada577
	- fabric-renderer-indigo 1.5.2+85287f9f77
	- fabric-renderer-registries-v1 3.2.46+df3654b377
	- fabric-rendering-data-attachment-v1 0.3.37+92a0d36777
	- fabric-rendering-fluids-v1 3.0.28+1802ada577
	- fabric-rendering-v0 1.1.49+df3654b377
	- fabric-rendering-v1 3.0.8+1802ada577
	- fabric-resource-conditions-api-v1 2.3.8+1802ada577
	- fabric-resource-loader-v0 0.11.10+1802ada577
	- fabric-screen-api-v1 2.0.8+1802ada577
	- fabric-screen-handler-api-v1 1.3.30+1802ada577
	- fabric-sound-api-v1 1.0.13+1802ada577
	- fabric-transfer-api-v1 3.3.5+8dd72ea377
	- fabric-transitive-access-wideners-v1 4.3.1+1802ada577
	- fabricloader 0.16.9
	- fallingtrees 0.12.7
	- forgeconfigapiport 8.0.0
	- generated_687c106 1.0.0
	- java 21
	- minecraft 1.20.1
	- mixinextras 0.4.1
	- modmenu 7.2.2
	- pandalib 0.4.2
	- player-animator 1.0.2-rc1+1.20
	- shouldersurfing 4.6.0
	- vintage_animations 1.0
[11:15:23] [main/INFO] (FabricLoader/Mixin) SpongePowered MIXIN Subsystem Version=0.8.7 Source=file:/Users/thrasoscharalambous/.gradle/caches/modules-2/files-2.1/net.fabricmc/sponge-mixin/0.15.4+mixin.0.8.7/6a12aacc794f1078458433116e9ed42c1cc98096/sponge-mixin-0.15.4+mixin.0.8.7.jar Service=Knot/Fabric Env=CLIENT
[11:15:23] [main/INFO] (FabricLoader/Mixin) Loaded Fabric development mappings for mixin remapper!
[11:15:23] [main/INFO] (FabricLoader/Mixin) Compatibility level set to JAVA_16
[11:15:23] [main/INFO] (FabricLoader/Mixin) Compatibility level set to JAVA_17
[11:15:24] [main/WARN] (FabricLoader/Mixin) Error loading class: com/mrcrayfish/guns/client/handler/RecoilHandler (java.lang.ClassNotFoundException: com/mrcrayfish/guns/client/handler/RecoilHandler)
[11:15:24] [main/WARN] (FabricLoader/Mixin) Error loading class: com/simibubi/create/content/contraptions/ContraptionHandlerClient (java.lang.ClassNotFoundException: com/simibubi/create/content/contraptions/ContraptionHandlerClient)
[11:15:24] [main/WARN] (FabricLoader/Mixin) @Mixin target com.simibubi.create.content.contraptions.ContraptionHandlerClient was not found shouldersurfing.common.compat.mixins.json:create.MixinContraptionHandlerClient from mod shouldersurfing
[11:15:24] [main/WARN] (FabricLoader/Mixin) Error loading class: traben/entity_model_features/models/parts/EMFModelPartCustom$EMFCube (java.lang.ClassNotFoundException: traben/entity_model_features/models/parts/EMFModelPartCustom$EMFCube)
[11:15:24] [main/WARN] (FabricLoader/Mixin) Error loading class: yesman/epicfight/client/events/engine/RenderEngine (java.lang.ClassNotFoundException: yesman/epicfight/client/events/engine/RenderEngine)
[11:15:24] [main/WARN] (FabricLoader/Mixin) Error loading class: dev/tr7zw/skinlayers/render/CustomizableModelPart (java.lang.ClassNotFoundException: dev/tr7zw/skinlayers/render/CustomizableModelPart)
[11:15:24] [main/WARN] (FabricLoader/Mixin) Error loading class: mcjty/theoneprobe/rendering/OverlayRenderer (java.lang.ClassNotFoundException: mcjty/theoneprobe/rendering/OverlayRenderer)
[11:15:24] [main/INFO] (FabricLoader/MixinExtras|Service) Initializing MixinExtras via com.llamalad7.mixinextras.service.MixinExtrasServiceImpl(version=0.4.1).
[11:15:24] [main/WARN] (SysctlUtil) Failed sysctl call: hw.cpufrequency, Error code: 2
[11:15:27] [Datafixer Bootstrap/INFO] (Minecraft) 188 Datafixer optimizations took 60 milliseconds
[11:15:28] [Render thread/INFO] (Minecraft) Environment: authHost='https://authserver.mojang.com', accountsHost='https://api.mojang.com', sessionHost='https://sessionserver.mojang.com', servicesHost='https://api.minecraftservices.com', name='PROD'
[11:15:29] [Render thread/ERROR] (Minecraft) Failed to verify authentication
com.mojang.authlib.exceptions.InvalidCredentialsException: Status: 401
	at com.mojang.authlib.exceptions.MinecraftClientHttpException.toAuthenticationException(MinecraftClientHttpException.java:56) ~[authlib-4.0.43.jar:?]
	at com.mojang.authlib.yggdrasil.YggdrasilUserApiService.fetchProperties(YggdrasilUserApiService.java:156) ~[authlib-4.0.43.jar:?]
	at com.mojang.authlib.yggdrasil.YggdrasilUserApiService.<init>(YggdrasilUserApiService.java:55) ~[authlib-4.0.43.jar:?]
	at com.mojang.authlib.yggdrasil.YggdrasilAuthenticationService.createUserApiService(YggdrasilAuthenticationService.java:124) ~[authlib-4.0.43.jar:?]
	at net.minecraft.client.Minecraft.createUserApiService(Minecraft.java:646) ~[minecraft-merged-ce3fe57b16-1.20.1-loom.mappings.1_20_1.layered+hash.40545-v2.jar:?]
	at net.minecraft.client.Minecraft.<init>(Minecraft.java:411) ~[minecraft-merged-ce3fe57b16-1.20.1-loom.mappings.1_20_1.layered+hash.40545-v2.jar:?]
	at net.minecraft.client.main.Main.main(Main.java:187) ~[minecraft-merged-ce3fe57b16-1.20.1-loom.mappings.1_20_1.layered+hash.40545-v2.jar:?]
	at net.fabricmc.loader.impl.game.minecraft.MinecraftGameProvider.launch(MinecraftGameProvider.java:480) ~[fabric-loader-0.16.9.jar:?]
	at net.fabricmc.loader.impl.launch.knot.Knot.launch(Knot.java:74) ~[fabric-loader-0.16.9.jar:?]
	at net.fabricmc.loader.impl.launch.knot.KnotClient.main(KnotClient.java:23) ~[fabric-loader-0.16.9.jar:?]
	at net.fabricmc.devlaunchinjector.Main.main(Main.java:86) ~[dev-launch-injector-0.2.1+build.8.jar:?]
	at dev.architectury.transformer.TransformerRuntime.main(TransformerRuntime.java:220) ~[architectury-transformer-5.2.87-runtime.jar:?]
Caused by: com.mojang.authlib.exceptions.MinecraftClientHttpException: Status: 401
	at com.mojang.authlib.minecraft.client.MinecraftClient.readInputStream(MinecraftClient.java:85) ~[authlib-4.0.43.jar:?]
	at com.mojang.authlib.minecraft.client.MinecraftClient.get(MinecraftClient.java:48) ~[authlib-4.0.43.jar:?]
	at com.mojang.authlib.yggdrasil.YggdrasilUserApiService.fetchProperties(YggdrasilUserApiService.java:129) ~[authlib-4.0.43.jar:?]
	... 10 more
[11:15:29] [Render thread/INFO] (Minecraft) Setting user: Player504
[11:15:29] [Render thread/INFO] (NetworkManagerImpl) Registering S2C receiver with id pandalib:config_sync
[11:15:29] [Render thread/INFO] (NetworkManagerImpl) Registering C2S receiver with id pandalib:config_sync
[11:15:29] [Render thread/INFO] (fallingtrees | Config) Successfully loaded config 'fallingtrees_client'
[11:15:29] [Render thread/INFO] (fallingtrees | Config) Successfully saved config 'fallingtrees_client'
[11:15:29] [Render thread/INFO] (fallingtrees | Config) Successfully loaded config 'fallingtrees_common'
[11:15:29] [Render thread/INFO] (fallingtrees | Config) Successfully saved config 'fallingtrees_common'
[11:15:29] [Worker-Main-1/INFO] (Mod Menu/Update Checker) Checking mod updates...
[11:15:29] [Render thread/INFO] (ShoulderSurfing) Registering plugin for Shoulder Surfing Reloaded (shouldersurfing)
[11:15:29] [Render thread/INFO] (Indigo) [Indigo] Registering Indigo renderer!
[11:15:29] [Render thread/INFO] (NetworkManagerImpl) Registering S2C receiver with id architectury:spawn_entity_packet
[11:15:30] [Render thread/INFO] (Minecraft) Backend library: LWJGL version 3.3.2-snapshot
[11:15:30] [Render thread/INFO] (Minecraft) [STDERR]: [LWJGL] [ThreadLocalUtil] Unsupported JNI version detected, this may result in a crash. Please inform LWJGL developers.
[11:15:30] [Render thread/WARN] (SysctlUtil) Failed sysctl call: hw.cpufrequency, Error code: 2
[11:15:31] [Render thread/INFO] (Minecraft) Reloading ResourceManager: vanilla, fabric (fabric-keybindings-v0, fabric-transfer-api-v1, fabric-dimensions-v1, fabric-object-builder-api-v1, modmenu, fabric-blockrenderlayer-v1, fabric-rendering-data-attachment-v1, fabric-rendering-v0, fabric-block-api-v1, fabric-message-api-v1, fabric-resource-conditions-api-v1, fabric-loot-api-v2, fabric-game-rule-api-v1, fabric-rendering-fluids-v1, fabric-item-api-v1, shouldersurfing, fabric-content-registries-v0, bettercombat, fabric-command-api-v2, fabric-key-binding-api-v1, fabric-api-lookup-api-v1, fabric-command-api-v1, fabric-sound-api-v1, fabric-particles-v1, fabric-renderer-indigo, fabric-model-loading-api-v1, fabric-renderer-api-v1, fabric-data-attachment-api-v1, pandalib, fabric-events-interaction-v0, fabric-loot-tables-v1, cloth-config, forgeconfigapiport, fabric-block-view-api-v2, fabricloader, fabric-crash-report-info-v1, fabric-api-base, fabric-rendering-v1, fabric-api, fabric-screen-handler-api-v1, fabric-events-lifecycle-v0, fabric-screen-api-v1, fabric-data-generation-api-v1, fabric-recipe-api-v1, fabric-gametest-api-v1, fabric-networking-v0, fabric-resource-loader-v0, fabric-networking-api-v1, fabric-entity-events-v1, fabric-registry-sync-v0, fabric-item-group-api-v1, fabric-biome-api-v1, fabric-convention-tags-v1, fabric-models-v0, fabric-renderer-registries-v1, fabric-mining-level-api-v1, fallingtrees, generated_687c106, fabric-lifecycle-events-v1, fabric-commands-v0, fabric-client-tags-api-v1, fabric-containers-v0, fabric-transitive-access-wideners-v1), file/Ashen_16x.zip
[11:15:31] [Worker-Main-8/INFO] (Minecraft) Found unifont_all_no_pua-15.0.06.hex, loading
[11:15:31] [Worker-Main-4/WARN] (Minecraft) Unused frames in sprite minecraft:block/cyan_glazed_terracotta_e: [4, 5]
[11:15:31] [Worker-Main-8/WARN] (Minecraft) Unused frames in sprite minecraft:block/cyan_glazed_terracotta: [4, 5]
[11:15:31] [Realms Notification Availability checker #1/INFO] (Minecraft) Could not authorize you against Realms server: Invalid session id
[11:15:31] [Worker-Main-2/WARN] (Minecraft) Unable to load model: 'incendium:item/lunacy' referenced from: minecraft:soul_torch#inventory: java.io.FileNotFoundException: incendium:models/item/lunacy.json
[11:15:31] [Worker-Main-2/WARN] (Minecraft) Unable to load model: 'incendium:item/chilling' referenced from: minecraft:diamond_sword#inventory: java.io.FileNotFoundException: incendium:models/item/chilling.json
[11:15:31] [Worker-Main-2/WARN] (Minecraft) Unable to load model: 'incendium:item/vampire' referenced from: minecraft:netherite_sword#inventory: java.io.FileNotFoundException: incendium:models/item/vampire.json
[11:15:31] [Worker-Main-2/WARN] (Minecraft) Unable to load model: 'incendium:item/patron/witherblade' referenced from: minecraft:netherite_sword#inventory: java.io.FileNotFoundException: incendium:models/item/patron/witherblade.json
[11:15:31] [Worker-Main-2/WARN] (Minecraft) Unable to load model: 'incendium:item/patron/daybreaker' referenced from: minecraft:netherite_sword#inventory: java.io.FileNotFoundException: incendium:models/item/patron/daybreaker.json
[11:15:31] [Worker-Main-2/WARN] (Minecraft) Unable to load model: 'incendium:item/sacrifice' referenced from: minecraft:netherite_sword#inventory: java.io.FileNotFoundException: incendium:models/item/sacrifice.json
[11:15:32] [Render thread/WARN] (Minecraft) Missing sound for event: minecraft:item.goat_horn.play
[11:15:32] [Render thread/WARN] (Minecraft) Missing sound for event: minecraft:entity.goat.screaming.horn_break
[11:15:32] [Render thread/INFO] (Minecraft) OpenAL initialized on device MacBook Pro Speakers
[11:15:32] [Render thread/INFO] (Minecraft) Sound engine started
[11:15:32] [Render thread/INFO] (Minecraft) Created: 1024x1024x4 minecraft:textures/atlas/blocks.png-atlas
[11:15:32] [Render thread/INFO] (Minecraft) Created: 256x256x4 minecraft:textures/atlas/signs.png-atlas
[11:15:32] [Render thread/INFO] (Minecraft) Created: 512x512x4 minecraft:textures/atlas/banner_patterns.png-atlas
[11:15:32] [Render thread/INFO] (Minecraft) Created: 512x512x4 minecraft:textures/atlas/shield_patterns.png-atlas
[11:15:32] [Render thread/INFO] (Minecraft) Created: 1024x1024x4 minecraft:textures/atlas/armor_trims.png-atlas
[11:15:32] [Render thread/INFO] (Minecraft) Created: 256x256x4 minecraft:textures/atlas/chest.png-atlas
[11:15:32] [Render thread/INFO] (Minecraft) Created: 128x64x4 minecraft:textures/atlas/decorated_pot.png-atlas
[11:15:32] [Render thread/INFO] (Minecraft) Created: 512x256x4 minecraft:textures/atlas/beds.png-atlas
[11:15:32] [Render thread/INFO] (Minecraft) Created: 512x256x4 minecraft:textures/atlas/shulker_boxes.png-atlas
[11:15:32] [Render thread/WARN] (Minecraft) Shader rendertype_entity_translucent_emissive could not find sampler named Sampler2 in the specified shader program.
[11:15:32] [Render thread/INFO] (Minecraft) Created: 512x256x0 minecraft:textures/atlas/particles.png-atlas
[11:15:32] [Render thread/INFO] (Minecraft) Created: 256x256x0 minecraft:textures/atlas/paintings.png-atlas
[11:15:32] [Render thread/INFO] (Minecraft) Created: 128x128x0 minecraft:textures/atlas/mob_effects.png-atlas
[11:15:46] [Render thread/INFO] (Minecraft) Loaded 7 recipes
[11:15:46] [Render thread/INFO] (Minecraft) Loaded 1271 advancements
[11:15:47] [Render thread/INFO] (BiomeModificationImpl) Applied 0 biome modifications to 0 of 64 new biomes in 704.7 μs
[11:15:47] [Server thread/INFO] (Minecraft) Starting integrated minecraft server version 1.20.1
[11:15:47] [Server thread/INFO] (Minecraft) Generating keypair
[11:15:48] [Server thread/INFO] (Minecraft) Preparing start region for dimension minecraft:overworld
[11:15:49] [Render thread/INFO] (Minecraft) Preparing spawn area: 0%
[11:15:49] [Render thread/INFO] (Minecraft) Preparing spawn area: 0%
[11:15:49] [Render thread/INFO] (Minecraft) Preparing spawn area: 0%
[11:15:49] [Render thread/INFO] (Minecraft) Preparing spawn area: 17%
[11:15:50] [Render thread/INFO] (Minecraft) Time elapsed: 1776 ms
[11:15:50] [Server thread/INFO] (WeaponRegistry) Encoded Weapon Attribute registry size (with package overhead): 8240 bytes (in 1 string chunks with the size of 10000)
[11:15:50] [Server thread/INFO] (Minecraft) Changing view distance to 12, from 10
[11:15:50] [Server thread/INFO] (Minecraft) Changing simulation distance to 12, from 0
[11:15:50] [Server thread/INFO] (Minecraft) Player504[local:E:8b7c5f1a] logged in with entity id 171 at (31.7693116555884, 66.0, 11.67338000882773)
[11:15:50] [Netty Local Client IO #0/INFO] (WeaponRegistry) Decoded Weapon Attribute registry in 1 string chunks
[11:15:50] [Server thread/INFO] (Minecraft) Player504 joined the game
[11:15:50] [Server thread/INFO] (fallingtrees | Config) Sending common config 'fallingtrees:fallingtrees_common' to Player504
[11:15:50] [Netty Local Client IO #0/INFO] (fallingtrees | Config) Received common config 'fallingtrees:fallingtrees_common' from server
[11:15:50] [Render thread/INFO] (fallingtrees | Config) Sending client config 'fallingtrees:fallingtrees_client' to server
[11:15:50] [Netty Server IO #1/INFO] (fallingtrees | Config) Received client config 'fallingtrees:fallingtrees_client' from Player504
[11:15:50] [Render thread/INFO] (Minecraft) Loaded 13 advancements
[11:15:50] [Render thread/WARN] (Minecraft) Failed reading metadata of: minecraft:textures/misc/shadow.png
com.google.gson.JsonSyntaxException: Expected texture to be a JsonObject, was an array ([{"c...e}])
	at net.minecraft.util.GsonHelper.convertToJsonObject(GsonHelper.java:336) ~[minecraft-merged-ce3fe57b16-1.20.1-loom.mappings.1_20_1.layered+hash.40545-v2.jar:?]
	at net.minecraft.util.GsonHelper.getAsJsonObject(GsonHelper.java:342) ~[minecraft-merged-ce3fe57b16-1.20.1-loom.mappings.1_20_1.layered+hash.40545-v2.jar:?]
	at net.minecraft.server.packs.resources.ResourceMetadata$2.getSection(ResourceMetadata.java:32) ~[minecraft-merged-ce3fe57b16-1.20.1-loom.mappings.1_20_1.layered+hash.40545-v2.jar:?]
	at net.minecraft.client.renderer.texture.SimpleTexture$TextureImage.load(SimpleTexture.java:108) ~[minecraft-merged-ce3fe57b16-1.20.1-loom.mappings.1_20_1.layered+hash.40545-v2.jar:?]
	at net.minecraft.client.renderer.texture.SimpleTexture.getTextureImage(SimpleTexture.java:57) ~[minecraft-merged-ce3fe57b16-1.20.1-loom.mappings.1_20_1.layered+hash.40545-v2.jar:?]
	at net.minecraft.client.renderer.texture.SimpleTexture.load(SimpleTexture.java:30) ~[minecraft-merged-ce3fe57b16-1.20.1-loom.mappings.1_20_1.layered+hash.40545-v2.jar:?]
	at net.minecraft.client.renderer.texture.TextureManager.loadTexture(TextureManager.java:94) ~[minecraft-merged-ce3fe57b16-1.20.1-loom.mappings.1_20_1.layered+hash.40545-v2.jar:?]
	at net.minecraft.client.renderer.texture.TextureManager.register(TextureManager.java:65) ~[minecraft-merged-ce3fe57b16-1.20.1-loom.mappings.1_20_1.layered+hash.40545-v2.jar:?]
	at net.minecraft.client.renderer.texture.TextureManager.getTexture(TextureManager.java:115) ~[minecraft-merged-ce3fe57b16-1.20.1-loom.mappings.1_20_1.layered+hash.40545-v2.jar:?]
	at net.minecraft.client.renderer.RenderStateShard$TextureStateShard.method_23563(RenderStateShard.java:601) ~[minecraft-merged-ce3fe57b16-1.20.1-loom.mappings.1_20_1.layered+hash.40545-v2.jar:?]
	at net.minecraft.client.renderer.RenderStateShard.setupRenderState(RenderStateShard.java:351) ~[minecraft-merged-ce3fe57b16-1.20.1-loom.mappings.1_20_1.layered+hash.40545-v2.jar:?]
	at com.google.common.collect.ImmutableList.forEach(ImmutableList.java:422) ~[guava-31.1-jre.jar:?]
	at net.minecraft.client.renderer.RenderType$CompositeRenderType.method_23595(RenderType.java:1160) ~[minecraft-merged-ce3fe57b16-1.20.1-loom.mappings.1_20_1.layered+hash.40545-v2.jar:?]
	at net.minecraft.client.renderer.RenderStateShard.setupRenderState(RenderStateShard.java:351) ~[minecraft-merged-ce3fe57b16-1.20.1-loom.mappings.1_20_1.layered+hash.40545-v2.jar:?]
	at net.minecraft.client.renderer.RenderType.end(RenderType.java:1081) ~[minecraft-merged-ce3fe57b16-1.20.1-loom.mappings.1_20_1.layered+hash.40545-v2.jar:?]
	at net.minecraft.client.renderer.MultiBufferSource$BufferSource.endBatch(MultiBufferSource.java:94) ~[minecraft-merged-ce3fe57b16-1.20.1-loom.mappings.1_20_1.layered+hash.40545-v2.jar:?]
	at net.minecraft.client.renderer.MultiBufferSource$BufferSource.getBuffer(MultiBufferSource.java:47) ~[minecraft-merged-ce3fe57b16-1.20.1-loom.mappings.1_20_1.layered+hash.40545-v2.jar:?]
	at net.minecraft.client.renderer.entity.ItemRenderer.getFoilBufferDirect(ItemRenderer.java:213) ~[minecraft-merged-ce3fe57b16-1.20.1-loom.mappings.1_20_1.layered+hash.40545-v2.jar:?]
	at net.minecraft.client.renderer.entity.ItemRenderer.render(ItemRenderer.java:158) ~[minecraft-merged-ce3fe57b16-1.20.1-loom.mappings.1_20_1.layered+hash.40545-v2.jar:?]
	at net.minecraft.client.renderer.entity.ItemEntityRenderer.render(ItemEntityRenderer.java:93) ~[minecraft-merged-ce3fe57b16-1.20.1-loom.mappings.1_20_1.layered+hash.40545-v2.jar:?]
	at net.minecraft.client.renderer.entity.ItemEntityRenderer.render(ItemEntityRenderer.java:33) ~[minecraft-merged-ce3fe57b16-1.20.1-loom.mappings.1_20_1.layered+hash.40545-v2.jar:?]
	at net.minecraft.client.renderer.entity.EntityRenderDispatcher.render(EntityRenderDispatcher.java:150) ~[minecraft-merged-ce3fe57b16-1.20.1-loom.mappings.1_20_1.layered+hash.40545-v2.jar:?]
	at net.minecraft.client.renderer.LevelRenderer.renderEntity(LevelRenderer.java:1434) ~[minecraft-merged-ce3fe57b16-1.20.1-loom.mappings.1_20_1.layered+hash.40545-v2.jar:?]
	at net.minecraft.client.renderer.LevelRenderer.renderLevel(LevelRenderer.java:1231) ~[minecraft-merged-ce3fe57b16-1.20.1-loom.mappings.1_20_1.layered+hash.40545-v2.jar:?]
	at net.minecraft.client.renderer.GameRenderer.renderLevel(GameRenderer.java:1326) ~[minecraft-merged-ce3fe57b16-1.20.1-loom.mappings.1_20_1.layered+hash.40545-v2.jar:?]
	at net.minecraft.client.renderer.GameRenderer.render(GameRenderer.java:1099) ~[minecraft-merged-ce3fe57b16-1.20.1-loom.mappings.1_20_1.layered+hash.40545-v2.jar:?]
	at net.minecraft.client.Minecraft.runTick(Minecraft.java:1112) ~[minecraft-merged-ce3fe57b16-1.20.1-loom.mappings.1_20_1.layered+hash.40545-v2.jar:?]
	at net.minecraft.client.Minecraft.run(Minecraft.java:712) ~[minecraft-merged-ce3fe57b16-1.20.1-loom.mappings.1_20_1.layered+hash.40545-v2.jar:?]
	at net.minecraft.client.main.Main.main(Main.java:222) ~[minecraft-merged-ce3fe57b16-1.20.1-loom.mappings.1_20_1.layered+hash.40545-v2.jar:?]
	at net.fabricmc.loader.impl.game.minecraft.MinecraftGameProvider.launch(MinecraftGameProvider.java:480) ~[fabric-loader-0.16.9.jar:?]
	at net.fabricmc.loader.impl.launch.knot.Knot.launch(Knot.java:74) ~[fabric-loader-0.16.9.jar:?]
	at net.fabricmc.loader.impl.launch.knot.KnotClient.main(KnotClient.java:23) ~[fabric-loader-0.16.9.jar:?]
	at net.fabricmc.devlaunchinjector.Main.main(Main.java:86) ~[dev-launch-injector-0.2.1+build.8.jar:?]
	at dev.architectury.transformer.TransformerRuntime.main(TransformerRuntime.java:220) ~[architectury-transformer-5.2.87-runtime.jar:?]
[11:15:53] [Server thread/INFO] (Minecraft) Saving and pausing game...
[11:15:53] [Server thread/INFO] (Minecraft) Saving chunks for level 'ServerLevel[New World]'/minecraft:overworld
[11:15:53] [Server thread/INFO] (Minecraft) Saving chunks for level 'ServerLevel[New World]'/minecraft:the_nether
[11:15:53] [Server thread/INFO] (Minecraft) Saving chunks for level 'ServerLevel[New World]'/minecraft:the_end
[11:16:15] [Server thread/INFO] (Minecraft) Saving and pausing game...
[11:16:15] [Server thread/INFO] (Minecraft) Saving chunks for level 'ServerLevel[New World]'/minecraft:overworld
[11:16:15] [Server thread/INFO] (Minecraft) Saving chunks for level 'ServerLevel[New World]'/minecraft:the_nether
[11:16:15] [Server thread/INFO] (Minecraft) Saving chunks for level 'ServerLevel[New World]'/minecraft:the_end
